This is pdfTeX, Version 3.14159265-2.6-1.40.16 (TeX Live 2015) (preloaded format=pdflatex 2015.10.18)  24 APR 2016 20:35
entering extended mode
 restricted \write18 enabled.
 file:line:error style messages enabled.
 %&-line parsing enabled.
**TP1_ballet_laurent.tex
(./TP1_ballet_laurent.tex
LaTeX2e <2015/01/01>
Babel <3.9l> and hyphenation patterns for 79 languages loaded.
(/usr/local/texlive/2015/texmf-dist/tex/latex/base/report.cls
Document Class: report 2014/09/29 v1.4h Standard LaTeX document class
(/usr/local/texlive/2015/texmf-dist/tex/latex/base/size12.clo
File: size12.clo 2014/09/29 v1.4h Standard LaTeX file (size option)
)
\c@part=\count79
\c@chapter=\count80
\c@section=\count81
\c@subsection=\count82
\c@subsubsection=\count83
\c@paragraph=\count84
\c@subparagraph=\count85
\c@figure=\count86
\c@table=\count87
\abovecaptionskip=\skip41
\belowcaptionskip=\skip42
\bibindent=\dimen102
)
(/usr/local/texlive/2015/texmf-dist/tex/latex/base/fontenc.sty
Package: fontenc 2005/09/27 v1.99g Standard LaTeX package

(/usr/local/texlive/2015/texmf-dist/tex/latex/base/t1enc.def
File: t1enc.def 2005/09/27 v1.99g Standard LaTeX file
LaTeX Font Info:    Redeclaring font encoding T1 on input line 48.
))
(/usr/local/texlive/2015/texmf-dist/tex/latex/base/inputenc.sty
Package: inputenc 2015/03/17 v1.2c Input encoding file
\inpenc@prehook=\toks14
\inpenc@posthook=\toks15

(/usr/local/texlive/2015/texmf-dist/tex/latex/base/applemac.def
File: applemac.def 2015/03/17 v1.2c Input encoding file
))
(/usr/local/texlive/2015/texmf-dist/tex/latex/tools/xspace.sty
Package: xspace 2014/10/28 v1.13 Space after command names (DPC,MH)
)
(/usr/local/texlive/2015/texmf-dist/tex/generic/babel/babel.sty
Package: babel 2014/09/25 3.9l The Babel package

(/usr/local/texlive/2015/texmf-dist/tex/generic/babel-french/frenchb.ldf
Language: frenchb 2015/04/10 v3.1e French support from the babel system

(/usr/local/texlive/2015/texmf-dist/tex/generic/babel/babel.def
File: babel.def 2014/09/25 3.9l Babel common definitions
\babel@savecnt=\count88
\U@D=\dimen103
)
\l@acadian = a dialect from \language\l@french 
\l@canadien = a dialect from \language\l@french 
\FBcolonskip=\skip43
\FBthinskip=\skip44
\FB@interchartokenstateORI=\count89
Package babel Info: Making : an active character on input line 371.
Package babel Info: Making ; an active character on input line 372.
Package babel Info: Making ! an active character on input line 373.
Package babel Info: Making ? an active character on input line 374.
\FBguillskip=\skip45
\FBguill@level=\count90
\FB@Mht=\dimen104
\std@mcc=\count91
\dec@mcc=\count92
\listindentFB=\skip46
\labelwidthFB=\skip47
\leftmarginFB=\skip48
\parindentFFN=\dimen105
))
(/usr/local/texlive/2015/texmf-dist/tex/latex/carlisle/scalefnt.sty)
(/usr/local/texlive/2015/texmf-dist/tex/latex/graphics/keyval.sty
Package: keyval 2014/10/28 v1.15 key=value parser (DPC)
\KV@toks@=\toks16
)
(/usr/local/texlive/2015/texmf-dist/tex/latex/base/textcomp.sty
Package: textcomp 2005/09/27 v1.99g Standard LaTeX package
Package textcomp Info: Sub-encoding information:
(textcomp)               5 = only ISO-Adobe without \textcurrency
(textcomp)               4 = 5 + \texteuro
(textcomp)               3 = 4 + \textohm
(textcomp)               2 = 3 + \textestimated + \textcurrency
(textcomp)               1 = TS1 - \textcircled - \t
(textcomp)               0 = TS1 (full)
(textcomp)             Font families with sub-encoding setting implement
(textcomp)             only a restricted character set as indicated.
(textcomp)             Family '?' is the default used for unknown fonts.
(textcomp)             See the documentation for details.
Package textcomp Info: Setting ? sub-encoding to TS1/1 on input line 79.

(/usr/local/texlive/2015/texmf-dist/tex/latex/base/ts1enc.def
File: ts1enc.def 2001/06/05 v3.0e (jk/car/fm) Standard LaTeX file
)
LaTeX Info: Redefining \oldstylenums on input line 334.
Package textcomp Info: Setting cmr sub-encoding to TS1/0 on input line 349.
Package textcomp Info: Setting cmss sub-encoding to TS1/0 on input line 350.
Package textcomp Info: Setting cmtt sub-encoding to TS1/0 on input line 351.
Package textcomp Info: Setting cmvtt sub-encoding to TS1/0 on input line 352.
Package textcomp Info: Setting cmbr sub-encoding to TS1/0 on input line 353.
Package textcomp Info: Setting cmtl sub-encoding to TS1/0 on input line 354.
Package textcomp Info: Setting ccr sub-encoding to TS1/0 on input line 355.
Package textcomp Info: Setting ptm sub-encoding to TS1/4 on input line 356.
Package textcomp Info: Setting pcr sub-encoding to TS1/4 on input line 357.
Package textcomp Info: Setting phv sub-encoding to TS1/4 on input line 358.
Package textcomp Info: Setting ppl sub-encoding to TS1/3 on input line 359.
Package textcomp Info: Setting pag sub-encoding to TS1/4 on input line 360.
Package textcomp Info: Setting pbk sub-encoding to TS1/4 on input line 361.
Package textcomp Info: Setting pnc sub-encoding to TS1/4 on input line 362.
Package textcomp Info: Setting pzc sub-encoding to TS1/4 on input line 363.
Package textcomp Info: Setting bch sub-encoding to TS1/4 on input line 364.
Package textcomp Info: Setting put sub-encoding to TS1/5 on input line 365.
Package textcomp Info: Setting uag sub-encoding to TS1/5 on input line 366.
Package textcomp Info: Setting ugq sub-encoding to TS1/5 on input line 367.
Package textcomp Info: Setting ul8 sub-encoding to TS1/4 on input line 368.
Package textcomp Info: Setting ul9 sub-encoding to TS1/4 on input line 369.
Package textcomp Info: Setting augie sub-encoding to TS1/5 on input line 370.
Package textcomp Info: Setting dayrom sub-encoding to TS1/3 on input line 371.
Package textcomp Info: Setting dayroms sub-encoding to TS1/3 on input line 372.

Package textcomp Info: Setting pxr sub-encoding to TS1/0 on input line 373.
Package textcomp Info: Setting pxss sub-encoding to TS1/0 on input line 374.
Package textcomp Info: Setting pxtt sub-encoding to TS1/0 on input line 375.
Package textcomp Info: Setting txr sub-encoding to TS1/0 on input line 376.
Package textcomp Info: Setting txss sub-encoding to TS1/0 on input line 377.
Package textcomp Info: Setting txtt sub-encoding to TS1/0 on input line 378.
Package textcomp Info: Setting lmr sub-encoding to TS1/0 on input line 379.
Package textcomp Info: Setting lmdh sub-encoding to TS1/0 on input line 380.
Package textcomp Info: Setting lmss sub-encoding to TS1/0 on input line 381.
Package textcomp Info: Setting lmssq sub-encoding to TS1/0 on input line 382.
Package textcomp Info: Setting lmvtt sub-encoding to TS1/0 on input line 383.
Package textcomp Info: Setting lmtt sub-encoding to TS1/0 on input line 384.
Package textcomp Info: Setting qhv sub-encoding to TS1/0 on input line 385.
Package textcomp Info: Setting qag sub-encoding to TS1/0 on input line 386.
Package textcomp Info: Setting qbk sub-encoding to TS1/0 on input line 387.
Package textcomp Info: Setting qcr sub-encoding to TS1/0 on input line 388.
Package textcomp Info: Setting qcs sub-encoding to TS1/0 on input line 389.
Package textcomp Info: Setting qpl sub-encoding to TS1/0 on input line 390.
Package textcomp Info: Setting qtm sub-encoding to TS1/0 on input line 391.
Package textcomp Info: Setting qzc sub-encoding to TS1/0 on input line 392.
Package textcomp Info: Setting qhvc sub-encoding to TS1/0 on input line 393.
Package textcomp Info: Setting futs sub-encoding to TS1/4 on input line 394.
Package textcomp Info: Setting futx sub-encoding to TS1/4 on input line 395.
Package textcomp Info: Setting futj sub-encoding to TS1/4 on input line 396.
Package textcomp Info: Setting hlh sub-encoding to TS1/3 on input line 397.
Package textcomp Info: Setting hls sub-encoding to TS1/3 on input line 398.
Package textcomp Info: Setting hlst sub-encoding to TS1/3 on input line 399.
Package textcomp Info: Setting hlct sub-encoding to TS1/5 on input line 400.
Package textcomp Info: Setting hlx sub-encoding to TS1/5 on input line 401.
Package textcomp Info: Setting hlce sub-encoding to TS1/5 on input line 402.
Package textcomp Info: Setting hlcn sub-encoding to TS1/5 on input line 403.
Package textcomp Info: Setting hlcw sub-encoding to TS1/5 on input line 404.
Package textcomp Info: Setting hlcf sub-encoding to TS1/5 on input line 405.
Package textcomp Info: Setting pplx sub-encoding to TS1/3 on input line 406.
Package textcomp Info: Setting pplj sub-encoding to TS1/3 on input line 407.
Package textcomp Info: Setting ptmx sub-encoding to TS1/4 on input line 408.
Package textcomp Info: Setting ptmj sub-encoding to TS1/4 on input line 409.
)
(/usr/local/texlive/2015/texmf-dist/tex/latex/lm/lmodern.sty
Package: lmodern 2009/10/30 v1.6 Latin Modern Fonts
LaTeX Font Info:    Overwriting symbol font `operators' in version `normal'
(Font)                  OT1/cmr/m/n --> OT1/lmr/m/n on input line 22.
LaTeX Font Info:    Overwriting symbol font `letters' in version `normal'
(Font)                  OML/cmm/m/it --> OML/lmm/m/it on input line 23.
LaTeX Font Info:    Overwriting symbol font `symbols' in version `normal'
(Font)                  OMS/cmsy/m/n --> OMS/lmsy/m/n on input line 24.
LaTeX Font Info:    Overwriting symbol font `largesymbols' in version `normal'
(Font)                  OMX/cmex/m/n --> OMX/lmex/m/n on input line 25.
LaTeX Font Info:    Overwriting symbol font `operators' in version `bold'
(Font)                  OT1/cmr/bx/n --> OT1/lmr/bx/n on input line 26.
LaTeX Font Info:    Overwriting symbol font `letters' in version `bold'
(Font)                  OML/cmm/b/it --> OML/lmm/b/it on input line 27.
LaTeX Font Info:    Overwriting symbol font `symbols' in version `bold'
(Font)                  OMS/cmsy/b/n --> OMS/lmsy/b/n on input line 28.
LaTeX Font Info:    Overwriting symbol font `largesymbols' in version `bold'
(Font)                  OMX/cmex/m/n --> OMX/lmex/m/n on input line 29.
LaTeX Font Info:    Overwriting math alphabet `\mathbf' in version `normal'
(Font)                  OT1/cmr/bx/n --> OT1/lmr/bx/n on input line 31.
LaTeX Font Info:    Overwriting math alphabet `\mathsf' in version `normal'
(Font)                  OT1/cmss/m/n --> OT1/lmss/m/n on input line 32.
LaTeX Font Info:    Overwriting math alphabet `\mathit' in version `normal'
(Font)                  OT1/cmr/m/it --> OT1/lmr/m/it on input line 33.
LaTeX Font Info:    Overwriting math alphabet `\mathtt' in version `normal'
(Font)                  OT1/cmtt/m/n --> OT1/lmtt/m/n on input line 34.
LaTeX Font Info:    Overwriting math alphabet `\mathbf' in version `bold'
(Font)                  OT1/cmr/bx/n --> OT1/lmr/bx/n on input line 35.
LaTeX Font Info:    Overwriting math alphabet `\mathsf' in version `bold'
(Font)                  OT1/cmss/bx/n --> OT1/lmss/bx/n on input line 36.
LaTeX Font Info:    Overwriting math alphabet `\mathit' in version `bold'
(Font)                  OT1/cmr/bx/it --> OT1/lmr/bx/it on input line 37.
LaTeX Font Info:    Overwriting math alphabet `\mathtt' in version `bold'
(Font)                  OT1/cmtt/m/n --> OT1/lmtt/m/n on input line 38.
)
(/usr/local/texlive/2015/texmf-dist/tex/latex/setspace/setspace.sty
Package: setspace 2011/12/19 v6.7a set line spacing
)
(/usr/local/texlive/2015/texmf-dist/tex/latex/graphics/graphicx.sty
Package: graphicx 2014/10/28 v1.0g Enhanced LaTeX Graphics (DPC,SPQR)

(/usr/local/texlive/2015/texmf-dist/tex/latex/graphics/graphics.sty
Package: graphics 2014/10/28 v1.0p Standard LaTeX Graphics (DPC,SPQR)

(/usr/local/texlive/2015/texmf-dist/tex/latex/graphics/trig.sty
Package: trig 1999/03/16 v1.09 sin cos tan (DPC)
)
(/usr/local/texlive/2015/texmf-dist/tex/latex/latexconfig/graphics.cfg
File: graphics.cfg 2010/04/23 v1.9 graphics configuration of TeX Live
)
Package graphics Info: Driver file: pdftex.def on input line 94.

(/usr/local/texlive/2015/texmf-dist/tex/latex/pdftex-def/pdftex.def
File: pdftex.def 2011/05/27 v0.06d Graphics/color for pdfTeX

(/usr/local/texlive/2015/texmf-dist/tex/generic/oberdiek/infwarerr.sty
Package: infwarerr 2010/04/08 v1.3 Providing info/warning/error messages (HO)
)
(/usr/local/texlive/2015/texmf-dist/tex/generic/oberdiek/ltxcmds.sty
Package: ltxcmds 2011/11/09 v1.22 LaTeX kernel commands for general use (HO)
)
\Gread@gobject=\count93
))
\Gin@req@height=\dimen106
\Gin@req@width=\dimen107
)
(/usr/local/texlive/2015/texmf-dist/tex/latex/amsmath/amsmath.sty
Package: amsmath 2013/01/14 v2.14 AMS math features
\@mathmargin=\skip49

For additional information on amsmath, use the `?' option.
(/usr/local/texlive/2015/texmf-dist/tex/latex/amsmath/amstext.sty
Package: amstext 2000/06/29 v2.01

(/usr/local/texlive/2015/texmf-dist/tex/latex/amsmath/amsgen.sty
File: amsgen.sty 1999/11/30 v2.0
\@emptytoks=\toks17
\ex@=\dimen108
))
(/usr/local/texlive/2015/texmf-dist/tex/latex/amsmath/amsbsy.sty
Package: amsbsy 1999/11/29 v1.2d
\pmbraise@=\dimen109
)
(/usr/local/texlive/2015/texmf-dist/tex/latex/amsmath/amsopn.sty
Package: amsopn 1999/12/14 v2.01 operator names
)
\inf@bad=\count94
LaTeX Info: Redefining \frac on input line 210.
\uproot@=\count95
\leftroot@=\count96
LaTeX Info: Redefining \overline on input line 306.
\classnum@=\count97
\DOTSCASE@=\count98
LaTeX Info: Redefining \ldots on input line 378.
LaTeX Info: Redefining \dots on input line 381.
LaTeX Info: Redefining \cdots on input line 466.
\Mathstrutbox@=\box26
\strutbox@=\box27
\big@size=\dimen110
LaTeX Font Info:    Redeclaring font encoding OML on input line 566.
LaTeX Font Info:    Redeclaring font encoding OMS on input line 567.
\macc@depth=\count99
\c@MaxMatrixCols=\count100
\dotsspace@=\muskip10
\c@parentequation=\count101
\dspbrk@lvl=\count102
\tag@help=\toks18
\row@=\count103
\column@=\count104
\maxfields@=\count105
\andhelp@=\toks19
\eqnshift@=\dimen111
\alignsep@=\dimen112
\tagshift@=\dimen113
\tagwidth@=\dimen114
\totwidth@=\dimen115
\lineht@=\dimen116
\@envbody=\toks20
\multlinegap=\skip50
\multlinetaggap=\skip51
\mathdisplay@stack=\toks21
LaTeX Info: Redefining \[ on input line 2665.
LaTeX Info: Redefining \] on input line 2666.
)
(/usr/local/texlive/2015/texmf-dist/tex/latex/amsfonts/amsfonts.sty
Package: amsfonts 2013/01/14 v3.01 Basic AMSFonts support
\symAMSa=\mathgroup4
\symAMSb=\mathgroup5
LaTeX Font Info:    Overwriting math alphabet `\mathfrak' in version `bold'
(Font)                  U/euf/m/n --> U/euf/b/n on input line 106.
)
(/usr/local/texlive/2015/texmf-dist/tex/latex/pgf/frontendlayer/tikz.sty
(/usr/local/texlive/2015/texmf-dist/tex/latex/pgf/basiclayer/pgf.sty
(/usr/local/texlive/2015/texmf-dist/tex/latex/pgf/utilities/pgfrcs.sty
(/usr/local/texlive/2015/texmf-dist/tex/generic/pgf/utilities/pgfutil-common.te
x
\pgfutil@everybye=\toks22
\pgfutil@tempdima=\dimen117
\pgfutil@tempdimb=\dimen118

(/usr/local/texlive/2015/texmf-dist/tex/generic/pgf/utilities/pgfutil-common-li
sts.tex))
(/usr/local/texlive/2015/texmf-dist/tex/generic/pgf/utilities/pgfutil-latex.def
\pgfutil@abb=\box28
(/usr/local/texlive/2015/texmf-dist/tex/latex/ms/everyshi.sty
Package: everyshi 2001/05/15 v3.00 EveryShipout Package (MS)
))
(/usr/local/texlive/2015/texmf-dist/tex/generic/pgf/utilities/pgfrcs.code.tex
Package: pgfrcs 2013/12/20 v3.0.0 (rcs-revision 1.28)
))
Package: pgf 2013/12/18 v3.0.0 (rcs-revision 1.14)
(/usr/local/texlive/2015/texmf-dist/tex/latex/pgf/basiclayer/pgfcore.sty
(/usr/local/texlive/2015/texmf-dist/tex/latex/pgf/systemlayer/pgfsys.sty
(/usr/local/texlive/2015/texmf-dist/tex/generic/pgf/systemlayer/pgfsys.code.tex
Package: pgfsys 2013/11/30 v3.0.0 (rcs-revision 1.47)
(/usr/local/texlive/2015/texmf-dist/tex/generic/pgf/utilities/pgfkeys.code.tex
\pgfkeys@pathtoks=\toks23
\pgfkeys@temptoks=\toks24

(/usr/local/texlive/2015/texmf-dist/tex/generic/pgf/utilities/pgfkeysfiltered.c
ode.tex
\pgfkeys@tmptoks=\toks25
))
\pgf@x=\dimen119
\pgf@y=\dimen120
\pgf@xa=\dimen121
\pgf@ya=\dimen122
\pgf@xb=\dimen123
\pgf@yb=\dimen124
\pgf@xc=\dimen125
\pgf@yc=\dimen126
\w@pgf@writea=\write3
\r@pgf@reada=\read1
\c@pgf@counta=\count106
\c@pgf@countb=\count107
\c@pgf@countc=\count108
\c@pgf@countd=\count109
\t@pgf@toka=\toks26
\t@pgf@tokb=\toks27
\t@pgf@tokc=\toks28

(/usr/local/texlive/2015/texmf-dist/tex/generic/pgf/systemlayer/pgf.cfg
File: pgf.cfg 2008/05/14  (rcs-revision 1.7)
)
Driver file for pgf: pgfsys-pdftex.def

(/usr/local/texlive/2015/texmf-dist/tex/generic/pgf/systemlayer/pgfsys-pdftex.d
ef
File: pgfsys-pdftex.def 2013/07/18  (rcs-revision 1.33)

(/usr/local/texlive/2015/texmf-dist/tex/generic/pgf/systemlayer/pgfsys-common-p
df.def
File: pgfsys-common-pdf.def 2013/10/10  (rcs-revision 1.13)
)))
(/usr/local/texlive/2015/texmf-dist/tex/generic/pgf/systemlayer/pgfsyssoftpath.
code.tex
File: pgfsyssoftpath.code.tex 2013/09/09  (rcs-revision 1.9)
\pgfsyssoftpath@smallbuffer@items=\count110
\pgfsyssoftpath@bigbuffer@items=\count111
)
(/usr/local/texlive/2015/texmf-dist/tex/generic/pgf/systemlayer/pgfsysprotocol.
code.tex
File: pgfsysprotocol.code.tex 2006/10/16  (rcs-revision 1.4)
)) (/usr/local/texlive/2015/texmf-dist/tex/latex/xcolor/xcolor.sty
Package: xcolor 2007/01/21 v2.11 LaTeX color extensions (UK)

(/usr/local/texlive/2015/texmf-dist/tex/latex/latexconfig/color.cfg
File: color.cfg 2007/01/18 v1.5 color configuration of teTeX/TeXLive
)
Package xcolor Info: Driver file: pdftex.def on input line 225.
Package xcolor Info: Model `cmy' substituted by `cmy0' on input line 1337.
Package xcolor Info: Model `hsb' substituted by `rgb' on input line 1341.
Package xcolor Info: Model `RGB' extended on input line 1353.
Package xcolor Info: Model `HTML' substituted by `rgb' on input line 1355.
Package xcolor Info: Model `Hsb' substituted by `hsb' on input line 1356.
Package xcolor Info: Model `tHsb' substituted by `hsb' on input line 1357.
Package xcolor Info: Model `HSB' substituted by `hsb' on input line 1358.
Package xcolor Info: Model `Gray' substituted by `gray' on input line 1359.
Package xcolor Info: Model `wave' substituted by `hsb' on input line 1360.
)
(/usr/local/texlive/2015/texmf-dist/tex/generic/pgf/basiclayer/pgfcore.code.tex
Package: pgfcore 2010/04/11 v3.0.0 (rcs-revision 1.7)
(/usr/local/texlive/2015/texmf-dist/tex/generic/pgf/math/pgfmath.code.tex
(/usr/local/texlive/2015/texmf-dist/tex/generic/pgf/math/pgfmathcalc.code.tex
(/usr/local/texlive/2015/texmf-dist/tex/generic/pgf/math/pgfmathutil.code.tex)
(/usr/local/texlive/2015/texmf-dist/tex/generic/pgf/math/pgfmathparser.code.tex
\pgfmath@dimen=\dimen127
\pgfmath@count=\count112
\pgfmath@box=\box29
\pgfmath@toks=\toks29
\pgfmath@stack@operand=\toks30
\pgfmath@stack@operation=\toks31
)
(/usr/local/texlive/2015/texmf-dist/tex/generic/pgf/math/pgfmathfunctions.code.
tex
(/usr/local/texlive/2015/texmf-dist/tex/generic/pgf/math/pgfmathfunctions.basic
.code.tex)
(/usr/local/texlive/2015/texmf-dist/tex/generic/pgf/math/pgfmathfunctions.trigo
nometric.code.tex)
(/usr/local/texlive/2015/texmf-dist/tex/generic/pgf/math/pgfmathfunctions.rando
m.code.tex)
(/usr/local/texlive/2015/texmf-dist/tex/generic/pgf/math/pgfmathfunctions.compa
rison.code.tex)
(/usr/local/texlive/2015/texmf-dist/tex/generic/pgf/math/pgfmathfunctions.base.
code.tex)
(/usr/local/texlive/2015/texmf-dist/tex/generic/pgf/math/pgfmathfunctions.round
.code.tex)
(/usr/local/texlive/2015/texmf-dist/tex/generic/pgf/math/pgfmathfunctions.misc.
code.tex)
(/usr/local/texlive/2015/texmf-dist/tex/generic/pgf/math/pgfmathfunctions.integ
erarithmetics.code.tex)))
(/usr/local/texlive/2015/texmf-dist/tex/generic/pgf/math/pgfmathfloat.code.tex
\c@pgfmathroundto@lastzeros=\count113
))
(/usr/local/texlive/2015/texmf-dist/tex/generic/pgf/basiclayer/pgfcorepoints.co
de.tex
File: pgfcorepoints.code.tex 2013/10/07  (rcs-revision 1.27)
\pgf@picminx=\dimen128
\pgf@picmaxx=\dimen129
\pgf@picminy=\dimen130
\pgf@picmaxy=\dimen131
\pgf@pathminx=\dimen132
\pgf@pathmaxx=\dimen133
\pgf@pathminy=\dimen134
\pgf@pathmaxy=\dimen135
\pgf@xx=\dimen136
\pgf@xy=\dimen137
\pgf@yx=\dimen138
\pgf@yy=\dimen139
\pgf@zx=\dimen140
\pgf@zy=\dimen141
)
(/usr/local/texlive/2015/texmf-dist/tex/generic/pgf/basiclayer/pgfcorepathconst
ruct.code.tex
File: pgfcorepathconstruct.code.tex 2013/10/07  (rcs-revision 1.29)
\pgf@path@lastx=\dimen142
\pgf@path@lasty=\dimen143
)
(/usr/local/texlive/2015/texmf-dist/tex/generic/pgf/basiclayer/pgfcorepathusage
.code.tex
File: pgfcorepathusage.code.tex 2013/12/13  (rcs-revision 1.23)
\pgf@shorten@end@additional=\dimen144
\pgf@shorten@start@additional=\dimen145
)
(/usr/local/texlive/2015/texmf-dist/tex/generic/pgf/basiclayer/pgfcorescopes.co
de.tex
File: pgfcorescopes.code.tex 2013/10/09  (rcs-revision 1.44)
\pgfpic=\box30
\pgf@hbox=\box31
\pgf@layerbox@main=\box32
\pgf@picture@serial@count=\count114
)
(/usr/local/texlive/2015/texmf-dist/tex/generic/pgf/basiclayer/pgfcoregraphicst
ate.code.tex
File: pgfcoregraphicstate.code.tex 2013/09/19  (rcs-revision 1.11)
\pgflinewidth=\dimen146
)
(/usr/local/texlive/2015/texmf-dist/tex/generic/pgf/basiclayer/pgfcoretransform
ations.code.tex
File: pgfcoretransformations.code.tex 2013/10/10  (rcs-revision 1.17)
\pgf@pt@x=\dimen147
\pgf@pt@y=\dimen148
\pgf@pt@temp=\dimen149
)
(/usr/local/texlive/2015/texmf-dist/tex/generic/pgf/basiclayer/pgfcorequick.cod
e.tex
File: pgfcorequick.code.tex 2008/10/09  (rcs-revision 1.3)
)
(/usr/local/texlive/2015/texmf-dist/tex/generic/pgf/basiclayer/pgfcoreobjects.c
ode.tex
File: pgfcoreobjects.code.tex 2006/10/11  (rcs-revision 1.2)
)
(/usr/local/texlive/2015/texmf-dist/tex/generic/pgf/basiclayer/pgfcorepathproce
ssing.code.tex
File: pgfcorepathprocessing.code.tex 2013/09/09  (rcs-revision 1.9)
)
(/usr/local/texlive/2015/texmf-dist/tex/generic/pgf/basiclayer/pgfcorearrows.co
de.tex
File: pgfcorearrows.code.tex 2013/11/07  (rcs-revision 1.40)
\pgfarrowsep=\dimen150
)
(/usr/local/texlive/2015/texmf-dist/tex/generic/pgf/basiclayer/pgfcoreshade.cod
e.tex
File: pgfcoreshade.code.tex 2013/07/15  (rcs-revision 1.15)
\pgf@max=\dimen151
\pgf@sys@shading@range@num=\count115
)
(/usr/local/texlive/2015/texmf-dist/tex/generic/pgf/basiclayer/pgfcoreimage.cod
e.tex
File: pgfcoreimage.code.tex 2013/07/15  (rcs-revision 1.18)

(/usr/local/texlive/2015/texmf-dist/tex/generic/pgf/basiclayer/pgfcoreexternal.
code.tex
File: pgfcoreexternal.code.tex 2013/07/15  (rcs-revision 1.20)
\pgfexternal@startupbox=\box33
))
(/usr/local/texlive/2015/texmf-dist/tex/generic/pgf/basiclayer/pgfcorelayers.co
de.tex
File: pgfcorelayers.code.tex 2013/07/18  (rcs-revision 1.7)
)
(/usr/local/texlive/2015/texmf-dist/tex/generic/pgf/basiclayer/pgfcoretranspare
ncy.code.tex
File: pgfcoretransparency.code.tex 2013/09/30  (rcs-revision 1.5)
)
(/usr/local/texlive/2015/texmf-dist/tex/generic/pgf/basiclayer/pgfcorepatterns.
code.tex
File: pgfcorepatterns.code.tex 2013/11/07  (rcs-revision 1.5)
)))
(/usr/local/texlive/2015/texmf-dist/tex/generic/pgf/modules/pgfmoduleshapes.cod
e.tex
File: pgfmoduleshapes.code.tex 2013/10/31  (rcs-revision 1.34)
\pgfnodeparttextbox=\box34
)
(/usr/local/texlive/2015/texmf-dist/tex/generic/pgf/modules/pgfmoduleplot.code.
tex
File: pgfmoduleplot.code.tex 2013/07/31  (rcs-revision 1.12)
)
(/usr/local/texlive/2015/texmf-dist/tex/latex/pgf/compatibility/pgfcomp-version
-0-65.sty
Package: pgfcomp-version-0-65 2007/07/03 v3.0.0 (rcs-revision 1.7)
\pgf@nodesepstart=\dimen152
\pgf@nodesepend=\dimen153
)
(/usr/local/texlive/2015/texmf-dist/tex/latex/pgf/compatibility/pgfcomp-version
-1-18.sty
Package: pgfcomp-version-1-18 2007/07/23 v3.0.0 (rcs-revision 1.1)
))
(/usr/local/texlive/2015/texmf-dist/tex/latex/pgf/utilities/pgffor.sty
(/usr/local/texlive/2015/texmf-dist/tex/latex/pgf/utilities/pgfkeys.sty
(/usr/local/texlive/2015/texmf-dist/tex/generic/pgf/utilities/pgfkeys.code.tex)
) (/usr/local/texlive/2015/texmf-dist/tex/latex/pgf/math/pgfmath.sty
(/usr/local/texlive/2015/texmf-dist/tex/generic/pgf/math/pgfmath.code.tex))
(/usr/local/texlive/2015/texmf-dist/tex/generic/pgf/utilities/pgffor.code.tex
Package: pgffor 2013/12/13 v3.0.0 (rcs-revision 1.25)

(/usr/local/texlive/2015/texmf-dist/tex/generic/pgf/math/pgfmath.code.tex)
\pgffor@iter=\dimen154
\pgffor@skip=\dimen155
\pgffor@stack=\toks32
\pgffor@toks=\toks33
))
(/usr/local/texlive/2015/texmf-dist/tex/generic/pgf/frontendlayer/tikz/tikz.cod
e.tex
Package: tikz 2013/12/13 v3.0.0 (rcs-revision 1.142)

(/usr/local/texlive/2015/texmf-dist/tex/generic/pgf/libraries/pgflibraryplothan
dlers.code.tex
File: pgflibraryplothandlers.code.tex 2013/08/31 v3.0.0 (rcs-revision 1.20)
\pgf@plot@mark@count=\count116
\pgfplotmarksize=\dimen156
)
\tikz@lastx=\dimen157
\tikz@lasty=\dimen158
\tikz@lastxsaved=\dimen159
\tikz@lastysaved=\dimen160
\tikzleveldistance=\dimen161
\tikzsiblingdistance=\dimen162
\tikz@figbox=\box35
\tikz@figbox@bg=\box36
\tikz@tempbox=\box37
\tikz@tempbox@bg=\box38
\tikztreelevel=\count117
\tikznumberofchildren=\count118
\tikznumberofcurrentchild=\count119
\tikz@fig@count=\count120

(/usr/local/texlive/2015/texmf-dist/tex/generic/pgf/modules/pgfmodulematrix.cod
e.tex
File: pgfmodulematrix.code.tex 2013/09/17  (rcs-revision 1.8)
\pgfmatrixcurrentrow=\count121
\pgfmatrixcurrentcolumn=\count122
\pgf@matrix@numberofcolumns=\count123
)
\tikz@expandcount=\count124

(/usr/local/texlive/2015/texmf-dist/tex/generic/pgf/frontendlayer/tikz/librarie
s/tikzlibrarytopaths.code.tex
File: tikzlibrarytopaths.code.tex 2008/06/17 v3.0.0 (rcs-revision 1.2)
)))
(/usr/local/texlive/2015/texmf-dist/tex/latex/tkz-tab/tkz-tab.sty
Package: tkz-tab 2011/04/17 v1.4c variations (ctan version) 

(/usr/local/texlive/2015/texmf-dist/tex/latex/etex-pkg/etex.sty
Package: etex 2015/03/02 v2.1 eTeX basic definition package (PEB,DPC)
\et@xins=\count125
)
(/usr/local/texlive/2015/texmf-dist/tex/latex/base/ifthen.sty
Package: ifthen 2014/09/29 v1.1c Standard LaTeX ifthen package (DPC)
)
(/usr/local/texlive/2015/texmf-dist/tex/latex/xkeyval/xkeyval.sty
Package: xkeyval 2014/12/03 v2.7a package option processing (HA)

(/usr/local/texlive/2015/texmf-dist/tex/generic/xkeyval/xkeyval.tex
(/usr/local/texlive/2015/texmf-dist/tex/generic/xkeyval/xkvutils.tex
\XKV@toks=\toks34
\XKV@tempa@toks=\toks35
)
\XKV@depth=\count126
File: xkeyval.tex 2014/12/03 v2.7a key=value parser (HA)
))
(/usr/local/texlive/2015/texmf-dist/tex/generic/pgf/frontendlayer/tikz/librarie
s/tikzlibraryarrows.code.tex
File: tikzlibraryarrows.code.tex 2008/01/09 v3.0.0 (rcs-revision 1.1)

(/usr/local/texlive/2015/texmf-dist/tex/generic/pgf/libraries/pgflibraryarrows.
code.tex
File: pgflibraryarrows.code.tex 2013/09/23 v3.0.0 (rcs-revision 1.16)
\arrowsize=\dimen163
))
(/usr/local/texlive/2015/texmf-dist/tex/generic/pgf/frontendlayer/tikz/librarie
s/tikzlibrarypatterns.code.tex
File: tikzlibrarypatterns.code.tex 2008/01/15 v3.0.0 (rcs-revision 1.2)

(/usr/local/texlive/2015/texmf-dist/tex/generic/pgf/libraries/pgflibrarypattern
s.code.tex
File: pgflibrarypatterns.code.tex 2008/03/03 v3.0.0 (rcs-revision 1.13)
))
\tkz@XF=\dimen164
\tkz@YF=\dimen165
\c@tkz@cnt@line=\count127
\c@tkz@cnt@lg=\count128
\c@tkz@cnt@cl=\count129
\c@tkz@cnt@pred=\count130
\c@tkz@cnt@temp=\count131
\c@tkz@cnt@arrow=\count132
\c@tkz@cnt@zone=\count133
\c@tkz@cnt@lgnext=\count134
\c@tkz@cnt@clnext=\count135
\c@tkz@cnt@pair=\count136
\c@tkz@cnt@impair=\count137
\c@tkz@cnt@aw=\count138
) (/usr/local/texlive/2015/texmf-dist/tex/latex/float/float.sty
Package: float 2001/11/08 v1.3d Float enhancements (AL)
\c@float@type=\count139
\float@exts=\toks36
\float@box=\box39
\@float@everytoks=\toks37
\@floatcapt=\box40
)
(/usr/local/texlive/2015/texmf-dist/tex/latex/here/here.sty)
(/usr/local/texlive/2015/texmf-dist/tex/latex/geometry/geometry.sty
Package: geometry 2010/09/12 v5.6 Page Geometry

(/usr/local/texlive/2015/texmf-dist/tex/generic/oberdiek/ifpdf.sty
Package: ifpdf 2011/01/30 v2.3 Provides the ifpdf switch (HO)
Package ifpdf Info: pdfTeX in PDF mode is detected.
)
(/usr/local/texlive/2015/texmf-dist/tex/generic/oberdiek/ifvtex.sty
Package: ifvtex 2010/03/01 v1.5 Detect VTeX and its facilities (HO)
Package ifvtex Info: VTeX not detected.
)
(/usr/local/texlive/2015/texmf-dist/tex/generic/ifxetex/ifxetex.sty
Package: ifxetex 2010/09/12 v0.6 Provides ifxetex conditional
)
\Gm@cnth=\count140
\Gm@cntv=\count141
\c@Gm@tempcnt=\count142
\Gm@bindingoffset=\dimen166
\Gm@wd@mp=\dimen167
\Gm@odd@mp=\dimen168
\Gm@even@mp=\dimen169
\Gm@layoutwidth=\dimen170
\Gm@layoutheight=\dimen171
\Gm@layouthoffset=\dimen172
\Gm@layoutvoffset=\dimen173
\Gm@dimlist=\toks38
)
(/usr/local/texlive/2015/texmf-dist/tex/latex/listings/listings.sty
\lst@mode=\count143
\lst@gtempboxa=\box41
\lst@token=\toks39
\lst@length=\count144
\lst@currlwidth=\dimen174
\lst@column=\count145
\lst@pos=\count146
\lst@lostspace=\dimen175
\lst@width=\dimen176
\lst@newlines=\count147
\lst@lineno=\count148
\lst@maxwidth=\dimen177

(/usr/local/texlive/2015/texmf-dist/tex/latex/listings/lstmisc.sty
File: lstmisc.sty 2014/09/06 1.5e (Carsten Heinz)
\c@lstnumber=\count149
\lst@skipnumbers=\count150
\lst@framebox=\box42
)
(/usr/local/texlive/2015/texmf-dist/tex/latex/listings/listings.cfg
File: listings.cfg 2014/09/06 1.5e listings configuration
))
Package: listings 2014/09/06 1.5e (Carsten Heinz)

(/usr/local/texlive/2015/texmf-dist/tex/latex/listings/lstlang1.sty
File: lstlang1.sty 2014/09/06 1.5e listings language file
)
(./TP1_ballet_laurent.aux)
\openout1 = `TP1_ballet_laurent.aux'.

LaTeX Font Info:    Checking defaults for OML/cmm/m/it on input line 30.
LaTeX Font Info:    ... okay on input line 30.
LaTeX Font Info:    Checking defaults for T1/cmr/m/n on input line 30.
LaTeX Font Info:    ... okay on input line 30.
LaTeX Font Info:    Checking defaults for OT1/cmr/m/n on input line 30.
LaTeX Font Info:    ... okay on input line 30.
LaTeX Font Info:    Checking defaults for OMS/cmsy/m/n on input line 30.
LaTeX Font Info:    ... okay on input line 30.
LaTeX Font Info:    Checking defaults for OMX/cmex/m/n on input line 30.
LaTeX Font Info:    ... okay on input line 30.
LaTeX Font Info:    Checking defaults for U/cmr/m/n on input line 30.
LaTeX Font Info:    ... okay on input line 30.
LaTeX Font Info:    Checking defaults for TS1/cmr/m/n on input line 30.
LaTeX Font Info:    Try loading font information for TS1+cmr on input line 30.

(/usr/local/texlive/2015/texmf-dist/tex/latex/base/ts1cmr.fd
File: ts1cmr.fd 2014/09/29 v2.5h Standard LaTeX font definitions
)
LaTeX Font Info:    ... okay on input line 30.
LaTeX Font Info:    Try loading font information for T1+lmr on input line 30.

(/usr/local/texlive/2015/texmf-dist/tex/latex/lm/t1lmr.fd
File: t1lmr.fd 2009/10/30 v1.6 Font defs for Latin Modern
)
LaTeX Info: Redefining \degres on input line 30.
LaTeX Info: Redefining \dots on input line 30.
LaTeX Info: Redefining \up on input line 30.

(/usr/local/texlive/2015/texmf-dist/tex/context/base/supp-pdf.mkii
[Loading MPS to PDF converter (version 2006.09.02).]
\scratchcounter=\count151
\scratchdimen=\dimen178
\scratchbox=\box43
\nofMPsegments=\count152
\nofMParguments=\count153
\everyMPshowfont=\toks40
\MPscratchCnt=\count154
\MPscratchDim=\dimen179
\MPnumerator=\count155
\makeMPintoPDFobject=\count156
\everyMPtoPDFconversion=\toks41
) (/usr/local/texlive/2015/texmf-dist/tex/generic/oberdiek/pdftexcmds.sty
Package: pdftexcmds 2011/11/29 v0.20 Utility functions of pdfTeX for LuaTeX (HO
)

(/usr/local/texlive/2015/texmf-dist/tex/generic/oberdiek/ifluatex.sty
Package: ifluatex 2010/03/01 v1.3 Provides the ifluatex switch (HO)
Package ifluatex Info: LuaTeX not detected.
)
Package pdftexcmds Info: LuaTeX not detected.
Package pdftexcmds Info: \pdf@primitive is available.
Package pdftexcmds Info: \pdf@ifprimitive is available.
Package pdftexcmds Info: \pdfdraftmode found.
)
(/usr/local/texlive/2015/texmf-dist/tex/latex/oberdiek/epstopdf-base.sty
Package: epstopdf-base 2010/02/09 v2.5 Base part for package epstopdf

(/usr/local/texlive/2015/texmf-dist/tex/latex/oberdiek/grfext.sty
Package: grfext 2010/08/19 v1.1 Manage graphics extensions (HO)

(/usr/local/texlive/2015/texmf-dist/tex/generic/oberdiek/kvdefinekeys.sty
Package: kvdefinekeys 2011/04/07 v1.3 Define keys (HO)
))
(/usr/local/texlive/2015/texmf-dist/tex/latex/oberdiek/kvoptions.sty
Package: kvoptions 2011/06/30 v3.11 Key value format for package options (HO)

(/usr/local/texlive/2015/texmf-dist/tex/generic/oberdiek/kvsetkeys.sty
Package: kvsetkeys 2012/04/25 v1.16 Key value parser (HO)

(/usr/local/texlive/2015/texmf-dist/tex/generic/oberdiek/etexcmds.sty
Package: etexcmds 2011/02/16 v1.5 Avoid name clashes with e-TeX commands (HO)
Package etexcmds Info: Could not find \expanded.
(etexcmds)             That can mean that you are not using pdfTeX 1.50 or
(etexcmds)             that some package has redefined \expanded.
(etexcmds)             In the latter case, load this package earlier.
)))
Package grfext Info: Graphics extension search list:
(grfext)             [.png,.pdf,.jpg,.mps,.jpeg,.jbig2,.jb2,.PNG,.PDF,.JPG,.JPE
G,.JBIG2,.JB2,.eps]
(grfext)             \AppendGraphicsExtensions on input line 452.

(/usr/local/texlive/2015/texmf-dist/tex/latex/latexconfig/epstopdf-sys.cfg
File: epstopdf-sys.cfg 2010/07/13 v1.3 Configuration of (r)epstopdf for TeX Liv
e
))
ABD: EveryShipout initializing macros
*geometry* driver: auto-detecting
*geometry* detected driver: pdftex
*geometry* verbose mode - [ preamble ] result:
* driver: pdftex
* paper: a4paper
* layout: <same size as paper>
* layoutoffset:(h,v)=(0.0pt,0.0pt)
* modes: 
* h-part:(L,W,R)=(56.9055pt, 483.69687pt, 56.9055pt)
* v-part:(T,H,B)=(85.35826pt, 674.33032pt, 85.35826pt)
* \paperwidth=597.50787pt
* \paperheight=845.04684pt
* \textwidth=483.69687pt
* \textheight=674.33032pt
* \oddsidemargin=-15.36449pt
* \evensidemargin=-15.36449pt
* \topmargin=-23.91173pt
* \headheight=12.0pt
* \headsep=25.0pt
* \topskip=12.0pt
* \footskip=30.0pt
* \marginparwidth=35.0pt
* \marginparsep=10.0pt
* \columnsep=10.0pt
* \skip\footins=10.8pt plus 4.0pt minus 2.0pt
* \hoffset=0.0pt
* \voffset=0.0pt
* \mag=1000
* \@twocolumnfalse
* \@twosidefalse
* \@mparswitchfalse
* \@reversemarginfalse
* (1in=72.27pt=25.4mm, 1cm=28.453pt)

\c@lstlisting=\count157
<logo_utc.png, id=4, 2296.58pt x 1148.29pt>
File: logo_utc.png Graphic file (type png)
 <use logo_utc.png>
Package pdftex.def Info: logo_utc.png used on input line 39.
(pdftex.def)             Requested size: 137.78885pt x 68.89442pt.


./TP1_ballet_laurent.tex:50: LaTeX Error: There's no line here to end.

See the LaTeX manual or LaTeX Companion for explanation.
Type  H <return>  for immediate help.
 ...                                              
                                                  
l.50  \\
        
? r
OK, entering \nonstopmode...

./TP1_ballet_laurent.tex:56: LaTeX Error: There's no line here to end.

See the LaTeX manual or LaTeX Companion for explanation.
Type  H <return>  for immediate help.
 ...                                              
                                                  
l.56  \\
        
Your command was ignored.
Type  I <command> <return>  to replace it with another command,
or  <return>  to continue without it.


./TP1_ballet_laurent.tex:70: LaTeX Error: There's no line here to end.

See the LaTeX manual or LaTeX Companion for explanation.
Type  H <return>  for immediate help.
 ...                                              
                                                  
l.70 \\
       
Your command was ignored.
Type  I <command> <return>  to replace it with another command,
or  <return>  to continue without it.

[1

{/usr/local/texlive/2015/texmf-var/fonts/map/pdftex/updmap/pdftex.map} <./logo_
utc.png>] (./TP1_ballet_laurent.toc
LaTeX Font Info:    Try loading font information for OT1+lmr on input line 3.

(/usr/local/texlive/2015/texmf-dist/tex/latex/lm/ot1lmr.fd
File: ot1lmr.fd 2009/10/30 v1.6 Font defs for Latin Modern
)
LaTeX Font Info:    Try loading font information for OML+lmm on input line 3.

(/usr/local/texlive/2015/texmf-dist/tex/latex/lm/omllmm.fd
File: omllmm.fd 2009/10/30 v1.6 Font defs for Latin Modern
)
LaTeX Font Info:    Try loading font information for OMS+lmsy on input line 3.

(/usr/local/texlive/2015/texmf-dist/tex/latex/lm/omslmsy.fd
File: omslmsy.fd 2009/10/30 v1.6 Font defs for Latin Modern
)
LaTeX Font Info:    Try loading font information for OMX+lmex on input line 3.

(/usr/local/texlive/2015/texmf-dist/tex/latex/lm/omxlmex.fd
File: omxlmex.fd 2009/10/30 v1.6 Font defs for Latin Modern
)
LaTeX Font Info:    External font `lmex10' loaded for size
(Font)              <12> on input line 3.
LaTeX Font Info:    External font `lmex10' loaded for size
(Font)              <8> on input line 3.
LaTeX Font Info:    External font `lmex10' loaded for size
(Font)              <6> on input line 3.
LaTeX Font Info:    Try loading font information for U+msa on input line 3.

(/usr/local/texlive/2015/texmf-dist/tex/latex/amsfonts/umsa.fd
File: umsa.fd 2013/01/14 v3.01 AMS symbols A
)
LaTeX Font Info:    Try loading font information for U+msb on input line 3.

(/usr/local/texlive/2015/texmf-dist/tex/latex/amsfonts/umsb.fd
File: umsb.fd 2013/01/14 v3.01 AMS symbols B
))
\tf@toc=\write4
\openout4 = `TP1_ballet_laurent.toc'.

 [2

]
Chapitre 1.
[3

]
Underfull \hbox (badness 10000) in paragraph at lines 105--107

 []

<fourier.jpg, id=20, 501.875pt x 602.25pt>
File: fourier.jpg Graphic file (type jpg)
 <use fourier.jpg>
Package pdftex.def Info: fourier.jpg used on input line 110.
(pdftex.def)             Requested size: 125.46843pt x 150.56212pt.
 [4 <./fourier.jpg>]
Underfull \hbox (badness 10000) in paragraph at lines 119--120

 []


Underfull \hbox (badness 10000) in paragraph at lines 121--132

 []


Underfull \hbox (badness 10000) in paragraph at lines 121--132

 []


Underfull \hbox (badness 10000) in paragraph at lines 121--132

 []


Underfull \hbox (badness 10000) in paragraph at lines 121--132

 []

<ex1_fig1_0.png, id=28, 640.3925pt x 294.09875pt>
File: ex1_fig1_0.png Graphic file (type png)
 <use ex1_fig1_0.png>
Package pdftex.def Info: ex1_fig1_0.png used on input line 135.
(pdftex.def)             Requested size: 384.23846pt x 176.4606pt.

Underfull \hbox (badness 10000) in paragraph at lines 132--138

 []

[5 <./ex1_fig1_0.png>] <ex1_fig1_1.png, id=34, 640.3925pt x 294.09875pt>
File: ex1_fig1_1.png Graphic file (type png)

<use ex1_fig1_1.png>
Package pdftex.def Info: ex1_fig1_1.png used on input line 142.
(pdftex.def)             Requested size: 384.23846pt x 176.4606pt.

Underfull \hbox (badness 10000) in paragraph at lines 139--145

 []

<ex1_fig1_2.png, id=35, 640.3925pt x 294.09875pt>
File: ex1_fig1_2.png Graphic file (type png)
 <use ex1_fig1_2.png>
Package pdftex.def Info: ex1_fig1_2.png used on input line 149.
(pdftex.def)             Requested size: 384.23846pt x 176.4606pt.

Underfull \hbox (badness 10000) in paragraph at lines 146--152

 []

[6 <./ex1_fig1_1.png> <./ex1_fig1_2.png>]
Underfull \hbox (badness 10000) in paragraph at lines 156--157

 []


Underfull \hbox (badness 10000) in paragraph at lines 158--167

 []


Underfull \hbox (badness 10000) in paragraph at lines 158--167

 []


Underfull \hbox (badness 10000) in paragraph at lines 158--167

 []


Underfull \hbox (badness 10000) in paragraph at lines 158--167

 []

<ex1_fig2_0.png, id=41, 640.3925pt x 294.09875pt>
File: ex1_fig2_0.png Graphic file (type png)
 <use ex1_fig2_0.png>
Package pdftex.def Info: ex1_fig2_0.png used on input line 170.
(pdftex.def)             Requested size: 384.23846pt x 176.4606pt.

Underfull \hbox (badness 10000) in paragraph at lines 167--173

 []

[7 <./ex1_fig2_0.png>] <ex1_fig2_1.png, id=47, 640.3925pt x 294.09875pt>
File: ex1_fig2_1.png Graphic file (type png)

<use ex1_fig2_1.png>
Package pdftex.def Info: ex1_fig2_1.png used on input line 177.
(pdftex.def)             Requested size: 384.23846pt x 176.4606pt.

Underfull \hbox (badness 10000) in paragraph at lines 174--180

 []

<ex1_fig2_2.png, id=48, 640.3925pt x 294.09875pt>
File: ex1_fig2_2.png Graphic file (type png)
 <use ex1_fig2_2.png>
Package pdftex.def Info: ex1_fig2_2.png used on input line 184.
(pdftex.def)             Requested size: 384.23846pt x 176.4606pt.

Underfull \hbox (badness 10000) in paragraph at lines 181--187

 []

[8 <./ex1_fig2_1.png> <./ex1_fig2_2.png>]
Underfull \hbox (badness 10000) in paragraph at lines 191--192

 []


Underfull \hbox (badness 10000) in paragraph at lines 193--203

 []


Underfull \hbox (badness 10000) in paragraph at lines 193--203

 []


Underfull \hbox (badness 10000) in paragraph at lines 193--203

 []


Underfull \hbox (badness 10000) in paragraph at lines 193--203

 []

<ex1_fig3_0.png, id=54, 640.3925pt x 294.09875pt>
File: ex1_fig3_0.png Graphic file (type png)
 <use ex1_fig3_0.png>
Package pdftex.def Info: ex1_fig3_0.png used on input line 206.
(pdftex.def)             Requested size: 384.23846pt x 176.4606pt.

Underfull \hbox (badness 10000) in paragraph at lines 203--209

 []

[9 <./ex1_fig3_0.png>] <ex1_fig3_1.png, id=59, 640.3925pt x 294.09875pt>
File: ex1_fig3_1.png Graphic file (type png)

<use ex1_fig3_1.png>
Package pdftex.def Info: ex1_fig3_1.png used on input line 213.
(pdftex.def)             Requested size: 384.23846pt x 176.4606pt.

Underfull \hbox (badness 10000) in paragraph at lines 210--216

 []

<ex1_fig3_2.png, id=60, 640.3925pt x 294.09875pt>
File: ex1_fig3_2.png Graphic file (type png)
 <use ex1_fig3_2.png>
Package pdftex.def Info: ex1_fig3_2.png used on input line 220.
(pdftex.def)             Requested size: 384.23846pt x 176.4606pt.

Underfull \hbox (badness 10000) in paragraph at lines 217--223

 []

[10 <./ex1_fig3_1.png> <./ex1_fig3_2.png>]
Underfull \hbox (badness 10000) in paragraph at lines 227--228

 []


Underfull \hbox (badness 10000) in paragraph at lines 229--239

 []


Underfull \hbox (badness 10000) in paragraph at lines 229--239

 []


Underfull \hbox (badness 10000) in paragraph at lines 229--239

 []


Underfull \hbox (badness 10000) in paragraph at lines 229--239

 []

<ex1_fig4_0.png, id=66, 640.3925pt x 294.09875pt>
File: ex1_fig4_0.png Graphic file (type png)
 <use ex1_fig4_0.png>
Package pdftex.def Info: ex1_fig4_0.png used on input line 242.
(pdftex.def)             Requested size: 384.23846pt x 176.4606pt.

Underfull \hbox (badness 10000) in paragraph at lines 239--245

 []

[11 <./ex1_fig4_0.png>] <ex1_fig4_1.png, id=72, 640.3925pt x 294.09875pt>
File: ex1_fig4_1.png Graphic file (type png)

<use ex1_fig4_1.png>
Package pdftex.def Info: ex1_fig4_1.png used on input line 249.
(pdftex.def)             Requested size: 384.23846pt x 176.4606pt.

Underfull \hbox (badness 10000) in paragraph at lines 246--252

 []

<ex1_fig4_2.png, id=73, 640.3925pt x 294.09875pt>
File: ex1_fig4_2.png Graphic file (type png)
 <use ex1_fig4_2.png>
Package pdftex.def Info: ex1_fig4_2.png used on input line 256.
(pdftex.def)             Requested size: 384.23846pt x 176.4606pt.

Underfull \hbox (badness 10000) in paragraph at lines 253--259

 []

[12 <./ex1_fig4_1.png> <./ex1_fig4_2.png>]
Underfull \hbox (badness 10000) in paragraph at lines 263--264

 []


Underfull \hbox (badness 10000) in paragraph at lines 265--274

 []


Underfull \hbox (badness 10000) in paragraph at lines 265--274

 []


Underfull \hbox (badness 10000) in paragraph at lines 265--274

 []


Underfull \hbox (badness 10000) in paragraph at lines 265--274

 []

<ex1_fig5_0.png, id=79, 640.3925pt x 294.09875pt>
File: ex1_fig5_0.png Graphic file (type png)
 <use ex1_fig5_0.png>
Package pdftex.def Info: ex1_fig5_0.png used on input line 277.
(pdftex.def)             Requested size: 384.23846pt x 176.4606pt.

Underfull \hbox (badness 10000) in paragraph at lines 274--280

 []

[13 <./ex1_fig5_0.png>] <ex1_fig5_1.png, id=85, 640.3925pt x 294.09875pt>
File: ex1_fig5_1.png Graphic file (type png)

<use ex1_fig5_1.png>
Package pdftex.def Info: ex1_fig5_1.png used on input line 284.
(pdftex.def)             Requested size: 384.23846pt x 176.4606pt.

Underfull \hbox (badness 10000) in paragraph at lines 281--287

 []

<ex1_fig5_2.png, id=86, 640.3925pt x 294.09875pt>
File: ex1_fig5_2.png Graphic file (type png)
 <use ex1_fig5_2.png>
Package pdftex.def Info: ex1_fig5_2.png used on input line 291.
(pdftex.def)             Requested size: 384.23846pt x 176.4606pt.

Underfull \hbox (badness 10000) in paragraph at lines 288--294

 []

[14 <./ex1_fig5_1.png> <./ex1_fig5_2.png>]
Chapitre 2.
<ex2_fig1.png, id=92, 612.2875pt x 461.725pt>
File: ex2_fig1.png Graphic file (type png)
 <use ex2_fig1.png>
Package pdftex.def Info: ex2_fig1.png used on input line 312.
(pdftex.def)             Requested size: 306.143pt x 230.86194pt.
 [15

 <./ex2_fig1.png>] <ex2_fig2.png, id=99, 612.2875pt x 461.725pt>
File: ex2_fig2.png Graphic file (type png)
 <use ex2_fig2.png>
Package pdftex.def Info: ex2_fig2.png used on input line 325.
(pdftex.def)             Requested size: 367.37534pt x 277.03714pt.

Underfull \hbox (badness 10000) in paragraph at lines 321--328

 []

[16 <./ex2_fig2.png>] <ex2_fig3.png, id=105, 612.2875pt x 461.725pt>
File: ex2_fig3.png Graphic file (type png)

<use ex2_fig3.png>
Package pdftex.def Info: ex2_fig3.png used on input line 343.
(pdftex.def)             Requested size: 367.37534pt x 277.03714pt.
 [17 <./ex2_fig3.png>]
<ex2_fig4.png, id=111, 612.2875pt x 461.725pt>
File: ex2_fig4.png Graphic file (type png)
 <use ex2_fig4.png>
Package pdftex.def Info: ex2_fig4.png used on input line 367.
(pdftex.def)             Requested size: 367.37534pt x 277.03714pt.
 [18 <./ex2_fig4.png>] <ex2_fig5.png, id=116, 732.7375pt x 487.8225pt>
File: ex2_fig5.png Graphic file (type png)
 <use ex2_fig5.png>
Package pdftex.def Info: ex2_fig5.png used on input line 391.
(pdftex.def)             Requested size: 439.64589pt x 292.69576pt.

[19 <./ex2_fig5.png>]
Chapitre 3.
[20

]
Underfull \hbox (badness 10000) in paragraph at lines 419--420

 []

<ex3_figN2.png, id=125, 640.3925pt x 294.09875pt>
File: ex3_figN2.png Graphic file (type png)
 <use ex3_figN2.png>
Package pdftex.def Info: ex3_figN2.png used on input line 448.
(pdftex.def)             Requested size: 384.23846pt x 176.4606pt.
 [21]
<ex3_figN5.png, id=130, 640.3925pt x 294.09875pt>
File: ex3_figN5.png Graphic file (type png)
 <use ex3_figN5.png>
Package pdftex.def Info: ex3_figN5.png used on input line 455.
(pdftex.def)             Requested size: 384.23846pt x 176.4606pt.
 [22 <./ex3_figN2.png> <./ex3_figN5.png>]
<ex3_figN10.png, id=136, 640.3925pt x 294.09875pt>
File: ex3_figN10.png Graphic file (type png)
 <use ex3_figN10.png>
Package pdftex.def Info: ex3_figN10.png used on input line 462.
(pdftex.def)             Requested size: 384.23846pt x 176.4606pt.

<ex3_figN20.png, id=137, 640.3925pt x 294.09875pt>
File: ex3_figN20.png Graphic file (type png)
 <use ex3_figN20.png>
Package pdftex.def Info: ex3_figN20.png used on input line 469.
(pdftex.def)             Requested size: 384.23846pt x 176.4606pt.

<ex3_figN60.png, id=138, 640.3925pt x 294.09875pt>
File: ex3_figN60.png Graphic file (type png)
 <use ex3_figN60.png>
Package pdftex.def Info: ex3_figN60.png used on input line 476.
(pdftex.def)             Requested size: 384.23846pt x 176.4606pt.

Underfull \hbox (badness 10000) in paragraph at lines 473--479

 []


LaTeX Warning: `!h' float specifier changed to `!ht'.

[23 <./ex3_figN10.png> <./ex3_figN20.png>]
Underfull \hbox (badness 10000) in paragraph at lines 485--486

 []


Underfull \hbox (badness 10000) in paragraph at lines 495--496

 []

[24 <./ex3_figN60.png>]
Underfull \hbox (badness 10000) in paragraph at lines 498--499

 []


Underfull \hbox (badness 10000) in paragraph at lines 506--509

 []


Underfull \hbox (badness 10000) in paragraph at lines 509--510

 []

[25]
Underfull \hbox (badness 10000) in paragraph at lines 528--530

 []


./TP1_ballet_laurent.tex:534: Package pgf Error: No shape named M31 is known.

See the pgf package documentation for explanation.
Type  H <return>  for immediate help.
 ...                                              
                                                  
l.534 \tkzTabLine{d,+,z,-,z,}
                             
This error message was generated by an \errmessage
command, so I can't give any explicit help.
Pretend that you're Hercule Poirot: Examine all clues,
and deduce the truth by order and method.


./TP1_ballet_laurent.tex:534: Package pgf Error: No shape named M32 is known.

See the pgf package documentation for explanation.
Type  H <return>  for immediate help.
 ...                                              
                                                  
l.534 \tkzTabLine{d,+,z,-,z,}
                             
(That was another \errmessage.)


./TP1_ballet_laurent.tex:534: Package pgf Error: No shape named M32 is known.

See the pgf package documentation for explanation.
Type  H <return>  for immediate help.
 ...                                              
                                                  
l.534 \tkzTabLine{d,+,z,-,z,}
                             
(That was another \errmessage.)


./TP1_ballet_laurent.tex:534: Package pgf Error: No shape named M31 is known.

See the pgf package documentation for explanation.
Type  H <return>  for immediate help.
 ...                                              
                                                  
l.534 \tkzTabLine{d,+,z,-,z,}
                             
(That was another \errmessage.)


Underfull \hbox (badness 10000) in paragraph at lines 547--549

 []

[26]
Underfull \hbox (badness 10000) in paragraph at lines 559--560

 []


Underfull \hbox (badness 10000) in paragraph at lines 562--563

 []

[27]
Chapitre 4.

Underfull \hbox (badness 10000) in paragraph at lines 578--579

 []

LaTeX Font Info:    Try loading font information for T1+lmtt on input line 580.

(/usr/local/texlive/2015/texmf-dist/tex/latex/lm/t1lmtt.fd
File: t1lmtt.fd 2009/10/30 v1.6 Font defs for Latin Modern
)
LaTeX Font Info:    Try loading font information for TS1+lmr on input line 593.


(/usr/local/texlive/2015/texmf-dist/tex/latex/lm/ts1lmr.fd
File: ts1lmr.fd 2009/10/30 v1.6 Font defs for Latin Modern
)
LaTeX Font Info:    External font `lmex10' loaded for size
(Font)              <10.95> on input line 593.
 [28

] [29]
Underfull \hbox (badness 10000) in paragraph at lines 636--637

 []


Underfull \hbox (badness 10000) in paragraph at lines 640--641

 []


Underfull \hbox (badness 10000) in paragraph at lines 643--645

 []


Underfull \hbox (badness 10000) in paragraph at lines 647--648

 []


Underfull \hbox (badness 10000) in paragraph at lines 655--658

 []

[30] <Guitare1.png, id=173, 552.0625pt x 431.6125pt>
File: Guitare1.png Graphic file (type png)
 <use Guitare1.png>
Package pdftex.def Info: Guitare1.png used on input line 670.
(pdftex.def)             Requested size: 165.62003pt x 129.48474pt.

Underfull \hbox (badness 10000) in paragraph at lines 670--671

 []

<Guitare2.png, id=174, 549.05125pt x 414.54875pt>
File: Guitare2.png Graphic file (type png)
 <use Guitare2.png>
Package pdftex.def Info: Guitare2.png used on input line 674.
(pdftex.def)             Requested size: 164.71664pt x 124.36557pt.

Underfull \hbox (badness 10000) in paragraph at lines 674--675

 []

<Guitare3.png, id=175, 542.025pt x 419.5675pt>
File: Guitare3.png Graphic file (type png)
 <use Guitare3.png>
Package pdftex.def Info: Guitare3.png used on input line 678.
(pdftex.def)             Requested size: 162.60875pt x 125.87122pt.

Underfull \hbox (badness 10000) in paragraph at lines 678--679

 []

[31 <./Guitare1.png> <./Guitare2.png> <./Guitare3.png>]
Underfull \hbox (badness 10000) in paragraph at lines 683--685

 []

<GuitareChronogramme.png, id=184, 707.64375pt x 409.53pt>
File: GuitareChronogramme.png Graphic file (type png)

<use GuitareChronogramme.png>
Package pdftex.def Info: GuitareChronogramme.png used on input line 699.
(pdftex.def)             Requested size: 353.82101pt x 204.7645pt.
 [32 <./GuitareChronogramme.png>]
Underfull \hbox (badness 10000) in paragraph at lines 702--703

 []


./TP1_ballet_laurent.tex:718: LaTeX Error: There's no line here to end.

See the LaTeX manual or LaTeX Companion for explanation.
Type  H <return>  for immediate help.
 ...                                              
                                                  
l.718 	\begin
             {center}
Your command was ignored.
Type  I <command> <return>  to replace it with another command,
or  <return>  to continue without it.

<GuitareFreq1.png, id=189, 694.595pt x 398.48875pt>
File: GuitareFreq1.png Graphic file (type png)
 <use GuitareFreq1.png>
Package pdftex.def Info: GuitareFreq1.png used on input line 719.
(pdftex.def)             Requested size: 347.29665pt x 199.24388pt.

[33 <./GuitareFreq1.png>] <GuitareFreq2.png, id=194, 712.6625pt x 414.54875pt>
File: GuitareFreq2.png Graphic file (type png)

<use GuitareFreq2.png>
Package pdftex.def Info: GuitareFreq2.png used on input line 735.
(pdftex.def)             Requested size: 356.33038pt x 207.27386pt.
 [34 <./GuitareFreq2.png>]
<Piano1.png, id=199, 546.04pt x 409.53pt>
File: Piano1.png Graphic file (type png)
 <use Piano1.png>
Package pdftex.def Info: Piano1.png used on input line 770.
(pdftex.def)             Requested size: 163.81326pt x 122.85994pt.

Underfull \hbox (badness 10000) in paragraph at lines 770--771

 []

<Piano2.png, id=200, 537.00626pt x 399.4925pt>
File: Piano2.png Graphic file (type png)
 <use Piano2.png>
Package pdftex.def Info: Piano2.png used on input line 774.
(pdftex.def)             Requested size: 161.10312pt x 119.84866pt.

Underfull \hbox (badness 10000) in paragraph at lines 774--775

 []

<Piano3.png, id=201, 529.98pt x 392.46625pt>
File: Piano3.png Graphic file (type png)
 <use Piano3.png>
Package pdftex.def Info: Piano3.png used on input line 778.
(pdftex.def)             Requested size: 158.99521pt x 117.74077pt.

Underfull \hbox (badness 10000) in paragraph at lines 778--779

 []

<Piano4.png, id=202, 548.0475pt x 397.485pt>
File: Piano4.png Graphic file (type png)
 <use Piano4.png>
Package pdftex.def Info: Piano4.png used on input line 782.
(pdftex.def)             Requested size: 164.41551pt x 119.24641pt.

Underfull \hbox (badness 10000) in paragraph at lines 782--783

 []

<Piano5.png, id=203, 547.04375pt x 400.49625pt>
File: Piano5.png Graphic file (type png)
 <use Piano5.png>
Package pdftex.def Info: Piano5.png used on input line 786.
(pdftex.def)             Requested size: 164.11438pt x 120.1498pt.

Underfull \hbox (badness 10000) in paragraph at lines 786--787

 []


LaTeX Warning: `!h' float specifier changed to `!ht'.

[35] [36 <./Piano1.png> <./Piano2.png> <./Piano3.png> <./Piano4.png> <./Piano5.
png>]
Chapitre 5.
[37

] [38] [39] [40]
Underfull \hbox (badness 10000) in paragraph at lines 951--953

 []

[41] <ex5_fig1.png, id=231, 612.2875pt x 612.2875pt>
File: ex5_fig1.png Graphic file (type png)
 <use ex5_fig1.png>
Package pdftex.def Info: ex5_fig1.png used on input line 976.
(pdftex.def)             Requested size: 183.68767pt x 183.68767pt.

Underfull \hbox (badness 10000) in paragraph at lines 976--977

 []

<ex5_fig3.png, id=232, 612.2875pt x 612.2875pt>
File: ex5_fig3.png Graphic file (type png)
 <use ex5_fig3.png>
Package pdftex.def Info: ex5_fig3.png used on input line 980.
(pdftex.def)             Requested size: 183.68767pt x 183.68767pt.

Underfull \hbox (badness 10000) in paragraph at lines 980--981

 []

<ex5_fig4.png, id=233, 612.2875pt x 612.2875pt>
File: ex5_fig4.png Graphic file (type png)
 <use ex5_fig4.png>
Package pdftex.def Info: ex5_fig4.png used on input line 984.
(pdftex.def)             Requested size: 183.68767pt x 183.68767pt.

Underfull \hbox (badness 10000) in paragraph at lines 984--985

 []

<ex5_fig5.png, id=234, 612.2875pt x 612.2875pt>
File: ex5_fig5.png Graphic file (type png)
 <use ex5_fig5.png>
Package pdftex.def Info: ex5_fig5.png used on input line 988.
(pdftex.def)             Requested size: 183.68767pt x 183.68767pt.

Underfull \hbox (badness 10000) in paragraph at lines 988--989

 []

<ex5_fig6.png, id=235, 612.2875pt x 612.2875pt>
File: ex5_fig6.png Graphic file (type png)
 <use ex5_fig6.png>
Package pdftex.def Info: ex5_fig6.png used on input line 994.
(pdftex.def)             Requested size: 183.68767pt x 183.68767pt.
 [42 <./ex5_fig1.png> <./ex5_fig3.png> <./ex5_fig4.png> <./ex5_fig5.png>] [43 <
./ex5_fig6.png>] [44] <ex5_fig7.png, id=252, 612.2875pt x 612.2875pt>
File: ex5_fig7.png Graphic file (type png)
 <use ex5_fig7.png>
Package pdftex.def Info: ex5_fig7.png used on input line 1099.
(pdftex.def)             Requested size: 183.68767pt x 183.68767pt.

Underfull \hbox (badness 10000) in paragraph at lines 1099--1100

 []

<ex5_fig8.png, id=253, 612.2875pt x 612.2875pt>
File: ex5_fig8.png Graphic file (type png)
 <use ex5_fig8.png>
Package pdftex.def Info: ex5_fig8.png used on input line 1103.
(pdftex.def)             Requested size: 183.68767pt x 183.68767pt.

Underfull \hbox (badness 10000) in paragraph at lines 1103--1104

 []

<ex5_fig9.png, id=254, 612.2875pt x 612.2875pt>
File: ex5_fig9.png Graphic file (type png)
 <use ex5_fig9.png>
Package pdftex.def Info: ex5_fig9.png used on input line 1107.
(pdftex.def)             Requested size: 183.68767pt x 183.68767pt.

Underfull \hbox (badness 10000) in paragraph at lines 1107--1108

 []

<ex5_fig10.png, id=255, 612.2875pt x 612.2875pt>
File: ex5_fig10.png Graphic file (type png)
 <use ex5_fig10.png>
Package pdftex.def Info: ex5_fig10.png used on input line 1111.
(pdftex.def)             Requested size: 183.68767pt x 183.68767pt.

Underfull \hbox (badness 10000) in paragraph at lines 1111--1112

 []


LaTeX Warning: `!h' float specifier changed to `!ht'.

[45] [46 <./ex5_fig7.png> <./ex5_fig8.png> <./ex5_fig9.png> <./ex5_fig10.png>]
(./TP1_ballet_laurent.aux) ) 
Here is how much of TeX's memory you used:
 19268 strings out of 493089
 350495 string characters out of 6134841
 560041 words of memory out of 5000000
 22318 multiletter control sequences out of 15000+600000
 66080 words of font info for 58 fonts, out of 8000000 for 9000
 1141 hyphenation exceptions out of 8191
 55i,16n,72p,880b,2895s stack positions out of 5000i,500n,10000p,200000b,80000s
{/usr/local/texlive/2015/texmf-dist/fonts/enc/dvips
/lm/lm-ec.enc}{/usr/local/texlive/2015/texmf-dist/fonts/enc/dvips/lm/lm-ts1.enc
}{/usr/local/texlive/2015/texmf-dist/fonts/enc/dvips/lm/lm-mathit.enc}{/usr/loc
al/texlive/2015/texmf-dist/fonts/enc/dvips/lm/lm-mathsy.enc}{/usr/local/texlive
/2015/texmf-dist/fonts/enc/dvips/lm/lm-mathex.enc}{/usr/local/texlive/2015/texm
f-dist/fonts/enc/dvips/lm/lm-rm.enc}</usr/local/texlive/2015/texmf-dist/fonts/t
ype1/public/lm/lmbx12.pfb></usr/local/texlive/2015/texmf-dist/fonts/type1/publi
c/lm/lmcsc10.pfb></usr/local/texlive/2015/texmf-dist/fonts/type1/public/lm/lmex
10.pfb></usr/local/texlive/2015/texmf-dist/fonts/type1/public/lm/lmmi12.pfb></u
sr/local/texlive/2015/texmf-dist/fonts/type1/public/lm/lmmi6.pfb></usr/local/te
xlive/2015/texmf-dist/fonts/type1/public/lm/lmmi8.pfb></usr/local/texlive/2015/
texmf-dist/fonts/type1/public/lm/lmr10.pfb></usr/local/texlive/2015/texmf-dist/
fonts/type1/public/lm/lmr12.pfb></usr/local/texlive/2015/texmf-dist/fonts/type1
/public/lm/lmr6.pfb></usr/local/texlive/2015/texmf-dist/fonts/type1/public/lm/l
mr8.pfb></usr/local/texlive/2015/texmf-dist/fonts/type1/public/lm/lmri12.pfb></
usr/local/texlive/2015/texmf-dist/fonts/type1/public/lm/lmsy10.pfb></usr/local/
texlive/2015/texmf-dist/fonts/type1/public/lm/lmsy6.pfb></usr/local/texlive/201
5/texmf-dist/fonts/type1/public/lm/lmsy8.pfb></usr/local/texlive/2015/texmf-dis
t/fonts/type1/public/lm/lmtt10.pfb></usr/local/texlive/2015/texmf-dist/fonts/ty
pe1/public/amsfonts/symbols/msbm10.pfb>
Output written on TP1_ballet_laurent.pdf (46 pages, 1444540 bytes).
PDF statistics:
 331 PDF objects out of 1000 (max. 8388607)
 172 compressed objects within 2 object streams
 0 named destinations out of 1000 (max. 500000)
 248 words of extra memory for PDF output out of 10000 (max. 10000000)

